<?xml version="1.0" encoding="UTF-8"?>
<!-- Generated by org.testng.reporters.JUnitReportReporter -->
<testsuite skipped="0" hostname="LAPTOP-AURC0KSS" name="com.EBANKING.testcase.TC_Logintest_001" tests="1" failures="0" timestamp="2021-05-17T19:09:37 IST" time="4.101" errors="0">
  <testcase name="LoginTest" time="4.101" classname="com.EBANKING.testcase.TC_Logintest_001"/>
  <system-out/>
</testsuite> <!-- com.EBANKING.testcase.TC_Logintest_001 -->
