<?xml version="1.0" encoding="UTF-8"?>
<!-- Generated by org.testng.reporters.JUnitReportReporter -->
<testsuite skipped="0" hostname="LAPTOP-AURC0KSS" name="com.EBANKING.testcase.TC_Addcustomerpage_003" tests="1" failures="0" timestamp="2021-05-18T18:03:59 IST" time="12.401" errors="0">
  <testcase name="Addnewcustomer" time="12.401" classname="com.EBANKING.testcase.TC_Addcustomerpage_003"/>
  <system-out/>
</testsuite> <!-- com.EBANKING.testcase.TC_Addcustomerpage_003 -->
